#
# There is insufficient memory for the Java Runtime Environment to continue.
# Native memory allocation (mmap) failed to map 23068672 bytes for G1 virtual space
# Possible reasons:
#   The system is out of physical RAM or swap space
#   The process is running with CompressedOops enabled, and the Java Heap may be blocking the growth of the native heap
# Possible solutions:
#   Reduce memory load on the system
#   Increase physical memory or swap space
#   Check if swap backing store is full
#   Decrease Java heap size (-Xmx/-Xms)
#   Decrease number of Java threads
#   Decrease Java thread stack sizes (-Xss)
#   Set larger code cache with -XX:ReservedCodeCacheSize=
#   JVM is running with Unscaled Compressed Oops mode in which the Java heap is
#     placed in the first 4GB address space. The Java Heap base address is the
#     maximum limit for the native heap growth. Please use -XX:HeapBaseMinAddress
#     to set the Java Heap base and to place the Java Heap above 4GB virtual address.
# This output file may be truncated or incomplete.
#
#  Out of Memory Error (os_windows.cpp:3771), pid=11672, tid=6432
#
# JRE version: OpenJDK Runtime Environment (17.0.7) (build 17.0.7+0-b2043.56-10550314)
# Java VM: OpenJDK 64-Bit Server VM (17.0.7+0-b2043.56-10550314, mixed mode, tiered, compressed oops, compressed class ptrs, g1 gc, windows-amd64)
# No core dump will be written. Minidumps are not enabled by default on client versions of Windows
#

---------------  S U M M A R Y ------------

Command Line: --add-opens=java.base/java.util=ALL-UNNAMED --add-opens=java.base/java.lang=ALL-UNNAMED --add-opens=java.base/java.lang.invoke=ALL-UNNAMED --add-opens=java.prefs/java.util.prefs=ALL-UNNAMED --add-opens=java.base/java.nio.charset=ALL-UNNAMED --add-opens=java.base/java.net=ALL-UNNAMED --add-opens=java.base/java.util.concurrent.atomic=ALL-UNNAMED -Xmx2048m -Dfile.encoding=UTF-8 -Duser.country=US -Duser.language=en -Duser.variant -javaagent:C:\Users\DELL\.gradle\wrapper\dists\gradle-8.2-bin\bbg7u40eoinfdyxsxr3z4i7ta\gradle-8.2\lib\agents\gradle-instrumentation-agent-8.2.jar org.gradle.launcher.daemon.bootstrap.GradleDaemon 8.2

Host: Intel(R) Core(TM) i5-10500H CPU @ 2.50GHz, 12 cores, 7G,  Windows 11 , 64 bit Build 22621 (10.0.22621.3085)
Time: Wed Feb 14 22:38:39 2024 Egypt Standard Time elapsed time: 4.451611 seconds (0d 0h 0m 4s)

---------------  T H R E A D  ---------------

Current thread (0x00000179bc4b11e0):  VMThread "VM Thread" [stack: 0x0000003f6c400000,0x0000003f6c500000] [id=6432]

Stack: [0x0000003f6c400000,0x0000003f6c500000]
Native frames: (J=compiled Java code, j=interpreted, Vv=VM code, C=native code)
V  [jvm.dll+0x683bfa]
V  [jvm.dll+0x8430a4]
V  [jvm.dll+0x8449be]
V  [jvm.dll+0x845023]
V  [jvm.dll+0x24ad2f]
V  [jvm.dll+0x680ac9]
V  [jvm.dll+0x67519a]
V  [jvm.dll+0x30b3cb]
V  [jvm.dll+0x312876]
V  [jvm.dll+0x36221e]
V  [jvm.dll+0x36244f]
V  [jvm.dll+0x2e14a8]
V  [jvm.dll+0x2df684]
V  [jvm.dll+0x2dec8c]
V  [jvm.dll+0x32382b]
V  [jvm.dll+0x8496eb]
V  [jvm.dll+0x84a424]
V  [jvm.dll+0x84a93d]
V  [jvm.dll+0x84ad14]
V  [jvm.dll+0x84ade0]
V  [jvm.dll+0x7f2aea]
V  [jvm.dll+0x682a35]
C  [ucrtbase.dll+0x29363]
C  [KERNEL32.DLL+0x1257d]
C  [ntdll.dll+0x5aa58]

VM_Operation (0x0000003f6dcf75e0): G1CollectForAllocation, mode: safepoint, requested by thread 0x00000179c2677510


---------------  P R O C E S S  ---------------

Threads class SMR info:
_java_thread_list=0x00000179c395ef80, length=36, elements={
0x00000179a2200280, 0x00000179bc4b4290, 0x00000179bc4b5310, 0x00000179bc4be280,
0x00000179bc62f000, 0x00000179bc6318d0, 0x00000179bc632280, 0x00000179bc636510,
0x00000179bc63efc0, 0x00000179bc6419c0, 0x00000179bc74cc30, 0x00000179bc8d05d0,
0x00000179c23485c0, 0x00000179c24e04b0, 0x00000179c2708ff0, 0x00000179c33129a0,
0x00000179c27ce8c0, 0x00000179c390bc50, 0x00000179c2678380, 0x00000179c2677510,
0x00000179c26766a0, 0x00000179c2678850, 0x00000179c2676b70, 0x00000179c2675360,
0x00000179c2677040, 0x00000179c26779e0, 0x00000179c2677eb0, 0x00000179c26761d0,
0x00000179c2675d00, 0x00000179c42afb70, 0x00000179c42b56e0, 0x00000179c42b1850,
0x00000179c42b2b90, 0x00000179c42ae830, 0x00000179c42b4870, 0x00000179c42b26c0
}

Java Threads: ( => current thread )
  0x00000179a2200280 JavaThread "main" [_thread_blocked, id=18764, stack(0x0000003f6be00000,0x0000003f6bf00000)]
  0x00000179bc4b4290 JavaThread "Reference Handler" daemon [_thread_blocked, id=18192, stack(0x0000003f6c500000,0x0000003f6c600000)]
  0x00000179bc4b5310 JavaThread "Finalizer" daemon [_thread_blocked, id=10520, stack(0x0000003f6c600000,0x0000003f6c700000)]
  0x00000179bc4be280 JavaThread "Signal Dispatcher" daemon [_thread_blocked, id=10260, stack(0x0000003f6c700000,0x0000003f6c800000)]
  0x00000179bc62f000 JavaThread "Attach Listener" daemon [_thread_blocked, id=14272, stack(0x0000003f6c800000,0x0000003f6c900000)]
  0x00000179bc6318d0 JavaThread "Service Thread" daemon [_thread_blocked, id=13048, stack(0x0000003f6c900000,0x0000003f6ca00000)]
  0x00000179bc632280 JavaThread "Monitor Deflation Thread" daemon [_thread_blocked, id=17956, stack(0x0000003f6ca00000,0x0000003f6cb00000)]
  0x00000179bc636510 JavaThread "C2 CompilerThread0" daemon [_thread_blocked, id=10496, stack(0x0000003f6cb00000,0x0000003f6cc00000)]
  0x00000179bc63efc0 JavaThread "C1 CompilerThread0" daemon [_thread_blocked, id=14728, stack(0x0000003f6cc00000,0x0000003f6cd00000)]
  0x00000179bc6419c0 JavaThread "Sweeper thread" daemon [_thread_blocked, id=9988, stack(0x0000003f6cd00000,0x0000003f6ce00000)]
  0x00000179bc74cc30 JavaThread "Common-Cleaner" daemon [_thread_blocked, id=6140, stack(0x0000003f6ce00000,0x0000003f6cf00000)]
  0x00000179bc8d05d0 JavaThread "Notification Thread" daemon [_thread_blocked, id=7812, stack(0x0000003f6cf00000,0x0000003f6d000000)]
  0x00000179c23485c0 JavaThread "C2 CompilerThread1" daemon [_thread_blocked, id=18544, stack(0x0000003f6d500000,0x0000003f6d600000)]
  0x00000179c24e04b0 JavaThread "Daemon health stats" [_thread_blocked, id=1480, stack(0x0000003f6d600000,0x0000003f6d700000)]
  0x00000179c2708ff0 JavaThread "Incoming local TCP Connector on port 50703" [_thread_in_native, id=14332, stack(0x0000003f6d700000,0x0000003f6d800000)]
  0x00000179c33129a0 JavaThread "Daemon periodic checks" [_thread_blocked, id=3360, stack(0x0000003f6d800000,0x0000003f6d900000)]
  0x00000179c27ce8c0 JavaThread "Daemon" [_thread_blocked, id=18628, stack(0x0000003f6d900000,0x0000003f6da00000)]
  0x00000179c390bc50 JavaThread "Handler for socket connection from /127.0.0.1:50703 to /127.0.0.1:50704" [_thread_in_native, id=18012, stack(0x0000003f6da00000,0x0000003f6db00000)]
  0x00000179c2678380 JavaThread "Cancel handler" [_thread_blocked, id=19416, stack(0x0000003f6db00000,0x0000003f6dc00000)]
  0x00000179c2677510 JavaThread "Daemon worker" [_thread_blocked, id=18924, stack(0x0000003f6dc00000,0x0000003f6dd00000)]
  0x00000179c26766a0 JavaThread "Asynchronous log dispatcher for DefaultDaemonConnection: socket connection from /127.0.0.1:50703 to /127.0.0.1:50704" [_thread_blocked, id=7816, stack(0x0000003f6dd00000,0x0000003f6de00000)]
  0x00000179c2678850 JavaThread "Stdin handler" [_thread_blocked, id=3580, stack(0x0000003f6de00000,0x0000003f6df00000)]
  0x00000179c2676b70 JavaThread "Daemon client event forwarder" [_thread_blocked, id=17760, stack(0x0000003f6df00000,0x0000003f6e000000)]
  0x00000179c2675360 JavaThread "Cache worker for journal cache (C:\Users\DELL\.gradle\caches\journal-1)" [_thread_blocked, id=2492, stack(0x0000003f6e700000,0x0000003f6e800000)]
  0x00000179c2677040 JavaThread "File lock request listener" [_thread_in_native, id=18972, stack(0x0000003f6e800000,0x0000003f6e900000)]
  0x00000179c26779e0 JavaThread "Cache worker for file hash cache (C:\Users\DELL\.gradle\caches\8.2\fileHashes)" [_thread_blocked, id=13276, stack(0x0000003f6e900000,0x0000003f6ea00000)]
  0x00000179c2677eb0 JavaThread "File watcher server" daemon [_thread_in_native, id=10748, stack(0x0000003f6ea00000,0x0000003f6eb00000)]
  0x00000179c26761d0 JavaThread "File watcher consumer" daemon [_thread_blocked, id=3868, stack(0x0000003f6eb00000,0x0000003f6ec00000)]
  0x00000179c2675d00 JavaThread "Cache worker for checksums cache (D:\Android Tasks & Projects\RunProject\.gradle\8.2\checksums)" [_thread_blocked, id=12800, stack(0x0000003f6ec00000,0x0000003f6ed00000)]
  0x00000179c42afb70 JavaThread "Cache worker for cache directory md-rule (C:\Users\DELL\.gradle\caches\8.2\md-rule)" [_thread_blocked, id=9336, stack(0x0000003f6ed00000,0x0000003f6ee00000)]
  0x00000179c42b56e0 JavaThread "Cache worker for file content cache (C:\Users\DELL\.gradle\caches\8.2\fileContent)" [_thread_blocked, id=8924, stack(0x0000003f6ee00000,0x0000003f6ef00000)]
  0x00000179c42b1850 JavaThread "Cache worker for file hash cache (D:\Android Tasks & Projects\RunProject\.gradle\8.2\fileHashes)" [_thread_blocked, id=9284, stack(0x0000003f6ef00000,0x0000003f6f000000)]
  0x00000179c42b2b90 JavaThread "Cache worker for cache directory md-supplier (C:\Users\DELL\.gradle\caches\8.2\md-supplier)" [_thread_blocked, id=11408, stack(0x0000003f6f000000,0x0000003f6f100000)]
  0x00000179c42ae830 JavaThread "Cache worker for execution history cache (C:\Users\DELL\.gradle\caches\8.2\executionHistory)" [_thread_blocked, id=4596, stack(0x0000003f6f100000,0x0000003f6f200000)]
  0x00000179c42b4870 JavaThread "jar transforms" [_thread_blocked, id=7460, stack(0x0000003f6f200000,0x0000003f6f300000)]
  0x00000179c42b26c0 JavaThread "jar transforms Thread 2" [_thread_blocked, id=13532, stack(0x0000003f6f300000,0x0000003f6f400000)]

Other Threads:
=>0x00000179bc4b11e0 VMThread "VM Thread" [stack: 0x0000003f6c400000,0x0000003f6c500000] [id=6432]
  0x00000179a2282680 WatcherThread [stack: 0x0000003f6d000000,0x0000003f6d100000] [id=19080]
  0x00000179a225e970 GCTaskThread "GC Thread#0" [stack: 0x0000003f6bf00000,0x0000003f6c000000] [id=16552]
  0x00000179c1979140 GCTaskThread "GC Thread#1" [stack: 0x0000003f6d200000,0x0000003f6d300000] [id=11736]
  0x00000179c194cad0 GCTaskThread "GC Thread#2" [stack: 0x0000003f6d300000,0x0000003f6d400000] [id=2328]
  0x00000179c19231e0 GCTaskThread "GC Thread#3" [stack: 0x0000003f6d400000,0x0000003f6d500000] [id=12332]
  0x00000179c1ddb7f0 GCTaskThread "GC Thread#4" [stack: 0x0000003f6d100000,0x0000003f6d200000] [id=19068]
  0x00000179c2659cd0 GCTaskThread "GC Thread#5" [stack: 0x0000003f6e000000,0x0000003f6e100000] [id=10316]
  0x00000179c22f57a0 GCTaskThread "GC Thread#6" [stack: 0x0000003f6e100000,0x0000003f6e200000] [id=18068]
  0x00000179c215ddb0 GCTaskThread "GC Thread#7" [stack: 0x0000003f6e200000,0x0000003f6e300000] [id=18360]
  0x00000179c26c09b0 GCTaskThread "GC Thread#8" [stack: 0x0000003f6e300000,0x0000003f6e400000] [id=9840]
  0x00000179c2cd04c0 GCTaskThread "GC Thread#9" [stack: 0x0000003f6e400000,0x0000003f6e500000] [id=3364]
  0x00000179a22708c0 ConcurrentGCThread "G1 Main Marker" [stack: 0x0000003f6c000000,0x0000003f6c100000] [id=11372]
  0x00000179a2271a70 ConcurrentGCThread "G1 Conc#0" [stack: 0x0000003f6c100000,0x0000003f6c200000] [id=10996]
  0x00000179c3409090 ConcurrentGCThread "G1 Conc#1" [stack: 0x0000003f6e500000,0x0000003f6e600000] [id=19312]
  0x00000179c34095f0 ConcurrentGCThread "G1 Conc#2" [stack: 0x0000003f6e600000,0x0000003f6e700000] [id=2680]
  0x00000179a22be510 ConcurrentGCThread "G1 Refine#0" [stack: 0x0000003f6c200000,0x0000003f6c300000] [id=2044]
  0x00000179bc3040e0 ConcurrentGCThread "G1 Service" [stack: 0x0000003f6c300000,0x0000003f6c400000] [id=3436]

Threads with active compile tasks:
C2 CompilerThread0     4489 3391       4       jdk.internal.jimage.ImageLocation::readValue (61 bytes)
C1 CompilerThread0     4489 3421       3       jdk.internal.jrtfs.JrtPath::resolve (125 bytes)
C2 CompilerThread1     4489 3332       4       java.lang.String::<init> (828 bytes)

VM state: at safepoint (normal execution)

VM Mutex/Monitor currently owned by a thread:  ([mutex/lock_event])
[0x00000179a21fd1c0] Threads_lock - owner thread: 0x00000179bc4b11e0
[0x00000179a21fbcf0] Heap_lock - owner thread: 0x00000179c2677510

Heap address: 0x0000000080000000, size: 2048 MB, Compressed Oops mode: 32-bit

CDS archive(s) not mapped
Compressed class space mapped at: 0x0000000100000000-0x0000000140000000, reserved size: 1073741824
Narrow klass base: 0x0000000000000000, Narrow klass shift: 3, Narrow klass range: 0x140000000

GC Precious Log:
 CPUs: 12 total, 12 available
 Memory: 7967M
 Large Page Support: Disabled
 NUMA Support: Disabled
 Compressed Oops: Enabled (32-bit)
 Heap Region Size: 1M
 Heap Min Capacity: 8M
 Heap Initial Capacity: 126M
 Heap Max Capacity: 2G
 Pre-touch: Disabled
 Parallel Workers: 10
 Concurrent Workers: 3
 Concurrent Refinement Workers: 10
 Periodic GC: Disabled

Heap:
 garbage-first heap   total 80896K, used 27522K [0x0000000080000000, 0x0000000100000000)
  region size 1024K, 4 young (4096K), 4 survivors (4096K)
 Metaspace       used 41089K, committed 41408K, reserved 1114112K
  class space    used 5475K, committed 5632K, reserved 1048576K

Heap Regions: E=young(eden), S=young(survivor), O=old, HS=humongous(starts), HC=humongous(continues), CS=collection set, F=free, OA=open archive, CA=closed archive, TAMS=top-at-mark-start (previous, next)
|   0|0x0000000080000000, 0x0000000080100000, 0x0000000080100000|100%|HS|  |TAMS 0x0000000080100000, 0x0000000080000000| Complete 
|   1|0x0000000080100000, 0x0000000080200000, 0x0000000080200000|100%|HC|  |TAMS 0x0000000080200000, 0x0000000080100000| Complete 
|   2|0x0000000080200000, 0x0000000080300000, 0x0000000080300000|100%|HC|  |TAMS 0x0000000080300000, 0x0000000080200000| Complete 
|   3|0x0000000080300000, 0x0000000080400000, 0x0000000080400000|100%|HC|  |TAMS 0x0000000080400000, 0x0000000080300000| Complete 
|   4|0x0000000080400000, 0x0000000080500000, 0x0000000080500000|100%| O|  |TAMS 0x0000000080500000, 0x0000000080400000| Untracked 
|   5|0x0000000080500000, 0x0000000080600000, 0x0000000080600000|100%| O|  |TAMS 0x0000000080600000, 0x0000000080500000| Untracked 
|   6|0x0000000080600000, 0x0000000080700000, 0x0000000080700000|100%| O|  |TAMS 0x0000000080700000, 0x0000000080600000| Untracked 
|   7|0x0000000080700000, 0x0000000080800000, 0x0000000080800000|100%| O|  |TAMS 0x0000000080800000, 0x0000000080700000| Untracked 
|   8|0x0000000080800000, 0x0000000080900000, 0x0000000080900000|100%| O|  |TAMS 0x0000000080900000, 0x0000000080800000| Untracked 
|   9|0x0000000080900000, 0x0000000080a00000, 0x0000000080a00000|100%| O|  |TAMS 0x0000000080a00000, 0x0000000080900000| Untracked 
|  10|0x0000000080a00000, 0x0000000080b00000, 0x0000000080b00000|100%| O|  |TAMS 0x0000000080b00000, 0x0000000080a00000| Untracked 
|  11|0x0000000080b00000, 0x0000000080c00000, 0x0000000080c00000|100%| O|  |TAMS 0x0000000080b00000, 0x0000000080b00000| Untracked 
|  12|0x0000000080c00000, 0x0000000080d00000, 0x0000000080d00000|100%| O|  |TAMS 0x0000000080d00000, 0x0000000080c00000| Untracked 
|  13|0x0000000080d00000, 0x0000000080e00000, 0x0000000080e00000|100%| O|  |TAMS 0x0000000080e00000, 0x0000000080d00000| Untracked 
|  14|0x0000000080e00000, 0x0000000080f00000, 0x0000000080f00000|100%| O|  |TAMS 0x0000000080f00000, 0x0000000080e00000| Untracked 
|  15|0x0000000080f00000, 0x0000000081000000, 0x0000000081000000|100%| O|  |TAMS 0x0000000081000000, 0x0000000080f00000| Untracked 
|  16|0x0000000081000000, 0x0000000081100000, 0x0000000081100000|100%| O|  |TAMS 0x0000000081100000, 0x0000000081000000| Untracked 
|  17|0x0000000081100000, 0x0000000081200000, 0x0000000081200000|100%| O|  |TAMS 0x0000000081200000, 0x0000000081100000| Untracked 
|  18|0x0000000081200000, 0x0000000081300000, 0x0000000081300000|100%| O|  |TAMS 0x0000000081300000, 0x0000000081200000| Untracked 
|  19|0x0000000081300000, 0x0000000081400000, 0x0000000081400000|100%| O|  |TAMS 0x0000000081400000, 0x0000000081300000| Untracked 
|  20|0x0000000081400000, 0x0000000081500000, 0x0000000081500000|100%| O|  |TAMS 0x00000000814b6a00, 0x0000000081400000| Untracked 
|  21|0x0000000081500000, 0x0000000081600000, 0x0000000081600000|100%| O|  |TAMS 0x0000000081500000, 0x0000000081500000| Untracked 
|  22|0x0000000081600000, 0x00000000816e0800, 0x0000000081700000| 87%| O|  |TAMS 0x0000000081600000, 0x0000000081600000| Untracked 
|  23|0x0000000081700000, 0x0000000081700000, 0x0000000081800000|  0%| F|  |TAMS 0x0000000081700000, 0x0000000081700000| Untracked 
|  24|0x0000000081800000, 0x0000000081800000, 0x0000000081900000|  0%| F|  |TAMS 0x0000000081800000, 0x0000000081800000| Untracked 
|  25|0x0000000081900000, 0x0000000081900000, 0x0000000081a00000|  0%| F|  |TAMS 0x0000000081900000, 0x0000000081900000| Untracked 
|  26|0x0000000081a00000, 0x0000000081a00000, 0x0000000081b00000|  0%| F|  |TAMS 0x0000000081a00000, 0x0000000081a00000| Untracked 
|  27|0x0000000081b00000, 0x0000000081b00000, 0x0000000081c00000|  0%| F|  |TAMS 0x0000000081b00000, 0x0000000081b00000| Untracked 
|  28|0x0000000081c00000, 0x0000000081c00000, 0x0000000081d00000|  0%| F|  |TAMS 0x0000000081c00000, 0x0000000081c00000| Untracked 
|  29|0x0000000081d00000, 0x0000000081d00000, 0x0000000081e00000|  0%| F|  |TAMS 0x0000000081d00000, 0x0000000081d00000| Untracked 
|  30|0x0000000081e00000, 0x0000000081e00000, 0x0000000081f00000|  0%| F|  |TAMS 0x0000000081e00000, 0x0000000081e00000| Untracked 
|  31|0x0000000081f00000, 0x0000000081f00000, 0x0000000082000000|  0%| F|  |TAMS 0x0000000081f00000, 0x0000000081f00000| Untracked 
|  32|0x0000000082000000, 0x0000000082000000, 0x0000000082100000|  0%| F|  |TAMS 0x0000000082000000, 0x0000000082000000| Untracked 
|  33|0x0000000082100000, 0x0000000082200000, 0x0000000082200000|100%| S|CS|TAMS 0x0000000082100000, 0x0000000082100000| Complete 
|  34|0x0000000082200000, 0x0000000082300000, 0x0000000082300000|100%| S|CS|TAMS 0x0000000082200000, 0x0000000082200000| Complete 
|  35|0x0000000082300000, 0x0000000082400000, 0x0000000082400000|100%| S|CS|TAMS 0x0000000082300000, 0x0000000082300000| Complete 
|  36|0x0000000082400000, 0x0000000082500000, 0x0000000082500000|100%| S|CS|TAMS 0x0000000082400000, 0x0000000082400000| Complete 
|  37|0x0000000082500000, 0x0000000082500000, 0x0000000082600000|  0%| F|  |TAMS 0x0000000082500000, 0x0000000082500000| Untracked 
|  38|0x0000000082600000, 0x0000000082600000, 0x0000000082700000|  0%| F|  |TAMS 0x0000000082600000, 0x0000000082600000| Untracked 
|  39|0x0000000082700000, 0x0000000082700000, 0x0000000082800000|  0%| F|  |TAMS 0x0000000082700000, 0x0000000082700000| Untracked 
|  40|0x0000000082800000, 0x0000000082800000, 0x0000000082900000|  0%| F|  |TAMS 0x0000000082800000, 0x0000000082800000| Untracked 
|  41|0x0000000082900000, 0x0000000082900000, 0x0000000082a00000|  0%| F|  |TAMS 0x0000000082900000, 0x0000000082900000| Untracked 
|  42|0x0000000082a00000, 0x0000000082a00000, 0x0000000082b00000|  0%| F|  |TAMS 0x0000000082a00000, 0x0000000082a00000| Untracked 
|  43|0x0000000082b00000, 0x0000000082b00000, 0x0000000082c00000|  0%| F|  |TAMS 0x0000000082b00000, 0x0000000082b00000| Untracked 
|  44|0x0000000082c00000, 0x0000000082c00000, 0x0000000082d00000|  0%| F|  |TAMS 0x0000000082c00000, 0x0000000082c00000| Untracked 
|  45|0x0000000082d00000, 0x0000000082d00000, 0x0000000082e00000|  0%| F|  |TAMS 0x0000000082d00000, 0x0000000082d00000| Untracked 
|  46|0x0000000082e00000, 0x0000000082e00000, 0x0000000082f00000|  0%| F|  |TAMS 0x0000000082e00000, 0x0000000082e00000| Untracked 
|  47|0x0000000082f00000, 0x0000000082f00000, 0x0000000083000000|  0%| F|  |TAMS 0x0000000082f00000, 0x0000000082f00000| Untracked 
|  48|0x0000000083000000, 0x0000000083000000, 0x0000000083100000|  0%| F|  |TAMS 0x0000000083000000, 0x0000000083000000| Untracked 
|  49|0x0000000083100000, 0x0000000083100000, 0x0000000083200000|  0%| F|  |TAMS 0x0000000083100000, 0x0000000083100000| Untracked 
|  50|0x0000000083200000, 0x0000000083200000, 0x0000000083300000|  0%| F|  |TAMS 0x0000000083200000, 0x0000000083200000| Untracked 
|  51|0x0000000083300000, 0x0000000083300000, 0x0000000083400000|  0%| F|  |TAMS 0x0000000083300000, 0x0000000083300000| Untracked 
|  52|0x0000000083400000, 0x0000000083400000, 0x0000000083500000|  0%| F|  |TAMS 0x0000000083400000, 0x0000000083400000| Untracked 
|  53|0x0000000083500000, 0x0000000083500000, 0x0000000083600000|  0%| F|  |TAMS 0x0000000083500000, 0x0000000083500000| Untracked 
|  54|0x0000000083600000, 0x0000000083600000, 0x0000000083700000|  0%| F|  |TAMS 0x0000000083600000, 0x0000000083600000| Untracked 
|  55|0x0000000083700000, 0x0000000083700000, 0x0000000083800000|  0%| F|  |TAMS 0x0000000083700000, 0x0000000083700000| Untracked 
|  56|0x0000000083800000, 0x0000000083800000, 0x0000000083900000|  0%| F|  |TAMS 0x0000000083800000, 0x0000000083800000| Untracked 
|  57|0x0000000083900000, 0x0000000083900000, 0x0000000083a00000|  0%| F|  |TAMS 0x0000000083900000, 0x0000000083900000| Untracked 
|  58|0x0000000083a00000, 0x0000000083a00000, 0x0000000083b00000|  0%| F|  |TAMS 0x0000000083a00000, 0x0000000083a00000| Untracked 
|  59|0x0000000083b00000, 0x0000000083b00000, 0x0000000083c00000|  0%| F|  |TAMS 0x0000000083b00000, 0x0000000083b00000| Untracked 
|  60|0x0000000083c00000, 0x0000000083c00000, 0x0000000083d00000|  0%| F|  |TAMS 0x0000000083c00000, 0x0000000083c00000| Untracked 
|  61|0x0000000083d00000, 0x0000000083d00000, 0x0000000083e00000|  0%| F|  |TAMS 0x0000000083d00000, 0x0000000083d00000| Untracked 
|  62|0x0000000083e00000, 0x0000000083e00000, 0x0000000083f00000|  0%| F|  |TAMS 0x0000000083e00000, 0x0000000083e00000| Untracked 
|  63|0x0000000083f00000, 0x0000000083f00000, 0x0000000084000000|  0%| F|  |TAMS 0x0000000083f00000, 0x0000000083f00000| Untracked 
|  64|0x0000000084000000, 0x0000000084000000, 0x0000000084100000|  0%| F|  |TAMS 0x0000000084000000, 0x0000000084000000| Untracked 
|  65|0x0000000084100000, 0x0000000084100000, 0x0000000084200000|  0%| F|  |TAMS 0x0000000084100000, 0x0000000084100000| Untracked 
|  66|0x0000000084200000, 0x0000000084200000, 0x0000000084300000|  0%| F|  |TAMS 0x0000000084200000, 0x0000000084200000| Untracked 
|  67|0x0000000084300000, 0x0000000084300000, 0x0000000084400000|  0%| F|  |TAMS 0x0000000084300000, 0x0000000084300000| Untracked 
|  68|0x0000000084400000, 0x0000000084400000, 0x0000000084500000|  0%| F|  |TAMS 0x0000000084400000, 0x0000000084400000| Untracked 
|  69|0x0000000084500000, 0x0000000084500000, 0x0000000084600000|  0%| F|  |TAMS 0x0000000084500000, 0x0000000084500000| Untracked 
|  70|0x0000000084600000, 0x0000000084600000, 0x0000000084700000|  0%| F|  |TAMS 0x0000000084600000, 0x0000000084600000| Untracked 
|  71|0x0000000084700000, 0x0000000084700000, 0x0000000084800000|  0%| F|  |TAMS 0x0000000084700000, 0x0000000084700000| Untracked 
|  72|0x0000000084800000, 0x0000000084800000, 0x0000000084900000|  0%| F|  |TAMS 0x0000000084800000, 0x0000000084800000| Untracked 
|  73|0x0000000084900000, 0x0000000084900000, 0x0000000084a00000|  0%| F|  |TAMS 0x0000000084900000, 0x0000000084900000| Untracked 
|  74|0x0000000084a00000, 0x0000000084a00000, 0x0000000084b00000|  0%| F|  |TAMS 0x0000000084a00000, 0x0000000084a00000| Untracked 
|  75|0x0000000084b00000, 0x0000000084b00000, 0x0000000084c00000|  0%| F|  |TAMS 0x0000000084b00000, 0x0000000084b00000| Untracked 
|  76|0x0000000084c00000, 0x0000000084c00000, 0x0000000084d00000|  0%| F|  |TAMS 0x0000000084c00000, 0x0000000084c00000| Untracked 
|  77|0x0000000084d00000, 0x0000000084d00000, 0x0000000084e00000|  0%| F|  |TAMS 0x0000000084d00000, 0x0000000084d00000| Untracked 
| 125|0x0000000087d00000, 0x0000000087d00000, 0x0000000087e00000|  0%| F|  |TAMS 0x0000000087d00000, 0x0000000087d00000| Untracked 

Card table byte_map: [0x00000179b5020000,0x00000179b5420000] _byte_map_base: 0x00000179b4c20000

Marking Bits (Prev, Next): (CMBitMap*) 0x00000179a225ff90, (CMBitMap*) 0x00000179a225ffd0
 Prev Bits: [0x00000179b5820000, 0x00000179b7820000)
 Next Bits: [0x00000179b7820000, 0x00000179b9820000)

Polling page: 0x00000179a01b0000

Metaspace:

Usage:
  Non-class:     34.78 MB used.
      Class:      5.35 MB used.
       Both:     40.13 MB used.

Virtual space:
  Non-class space:       64.00 MB reserved,      34.94 MB ( 55%) committed,  1 nodes.
      Class space:        1.00 GB reserved,       5.50 MB ( <1%) committed,  1 nodes.
             Both:        1.06 GB reserved,      40.44 MB (  4%) committed. 

Chunk freelists:
   Non-Class:  12.39 MB
       Class:  10.48 MB
        Both:  22.88 MB

MaxMetaspaceSize: unlimited
CompressedClassSpaceSize: 1.00 GB
Initial GC threshold: 21.00 MB
Current GC threshold: 58.75 MB
CDS: off
MetaspaceReclaimPolicy: balanced
 - commit_granule_bytes: 65536.
 - commit_granule_words: 8192.
 - virtual_space_node_default_size: 8388608.
 - enlarge_chunks_in_place: 1.
 - new_chunks_are_fully_committed: 0.
 - uncommit_free_chunks: 1.
 - use_allocation_guard: 0.
 - handle_deallocations: 1.


Internal statistics:

num_allocs_failed_limit: 6.
num_arena_births: 302.
num_arena_deaths: 0.
num_vsnodes_births: 2.
num_vsnodes_deaths: 0.
num_space_committed: 647.
num_space_uncommitted: 0.
num_chunks_returned_to_freelist: 6.
num_chunks_taken_from_freelist: 1422.
num_chunk_merges: 6.
num_chunk_splits: 964.
num_chunks_enlarged: 696.
num_inconsistent_stats: 0.

CodeHeap 'non-profiled nmethods': size=120000Kb used=1885Kb max_used=1885Kb free=118114Kb
 bounds [0x00000179ad1a0000, 0x00000179ad410000, 0x00000179b46d0000]
CodeHeap 'profiled nmethods': size=120000Kb used=6924Kb max_used=6924Kb free=113075Kb
 bounds [0x00000179a56d0000, 0x00000179a5da0000, 0x00000179acc00000]
CodeHeap 'non-nmethods': size=5760Kb used=1587Kb max_used=1687Kb free=4173Kb
 bounds [0x00000179acc00000, 0x00000179ace70000, 0x00000179ad1a0000]
 total_blobs=4060 nmethods=3409 adapters=563
 compilation: enabled
              stopped_count=0, restarted_count=0
 full_count=0

Compilation events (20 events):
Event: 4.437 Thread 0x00000179bc63efc0 nmethod 3415 0x00000179a5d8d890 code [0x00000179a5d8da20, 0x00000179a5d8dbd8]
Event: 4.437 Thread 0x00000179bc63efc0 3416       3       jdk.internal.jrtfs.JrtFileAttributes::isDirectory (8 bytes)
Event: 4.437 Thread 0x00000179bc63efc0 nmethod 3416 0x00000179a5d8dc90 code [0x00000179a5d8de40, 0x00000179a5d8e008]
Event: 4.437 Thread 0x00000179bc63efc0 3417       3       jdk.internal.jrtfs.JrtFileSystem$$Lambda$501/0x000000010056bea0::apply (16 bytes)
Event: 4.437 Thread 0x00000179bc63efc0 nmethod 3417 0x00000179a5d8e110 code [0x00000179a5d8e2c0, 0x00000179a5d8e508]
Event: 4.437 Thread 0x00000179bc63efc0 3418       3       jdk.internal.jrtfs.JrtFileSystem::lambda$iteratorOf$2 (20 bytes)
Event: 4.437 Thread 0x00000179bc63efc0 nmethod 3418 0x00000179a5d8e610 code [0x00000179a5d8e800, 0x00000179a5d8ec08]
Event: 4.437 Thread 0x00000179bc63efc0 3419       3       jdk.internal.jrtfs.JrtPath::getFileName (78 bytes)
Event: 4.437 Thread 0x00000179bc636510 nmethod 3375 0x00000179ad376d90 code [0x00000179ad376f20, 0x00000179ad377218]
Event: 4.437 Thread 0x00000179bc636510 3391       4       jdk.internal.jimage.ImageLocation::readValue (61 bytes)
Event: 4.438 Thread 0x00000179bc63efc0 nmethod 3419 0x00000179a5d8ed90 code [0x00000179a5d8f080, 0x00000179a5d900a8]
Event: 4.438 Thread 0x00000179bc63efc0 3420       3       java.util.stream.SpinedBuffer::get (123 bytes)
Event: 4.438 Thread 0x00000179bc63efc0 nmethod 3420 0x00000179a5d90610 code [0x00000179a5d90860, 0x00000179a5d91058]
Event: 4.439 Thread 0x00000179bc63efc0 3405       3       jdk.internal.jimage.ImageReader$SharedImageReader::newResource (25 bytes)
Event: 4.439 Thread 0x00000179bc63efc0 nmethod 3405 0x00000179a5d91410 code [0x00000179a5d915e0, 0x00000179a5d91848]
Event: 4.439 Thread 0x00000179bc63efc0 3406       3       jdk.internal.jimage.ImageReader$Resource::create (17 bytes)
Event: 4.439 Thread 0x00000179bc63efc0 nmethod 3406 0x00000179a5d91990 code [0x00000179a5d91bc0, 0x00000179a5d924b8]
Event: 4.439 Thread 0x00000179bc63efc0 3407       3       jdk.internal.jimage.ImageReader$Resource::<init> (16 bytes)
Event: 4.439 Thread 0x00000179bc63efc0 nmethod 3407 0x00000179a5d92810 code [0x00000179a5d92a20, 0x00000179a5d93128]
Event: 4.439 Thread 0x00000179bc63efc0 3421       3       jdk.internal.jrtfs.JrtPath::resolve (125 bytes)

GC Heap History (17 events):
Event: 0.770 GC heap before
{Heap before GC invocations=0 (full 0):
 garbage-first heap   total 129024K, used 26624K [0x0000000080000000, 0x0000000100000000)
  region size 1024K, 23 young (23552K), 0 survivors (0K)
 Metaspace       used 10466K, committed 10688K, reserved 1114112K
  class space    used 1088K, committed 1216K, reserved 1048576K
}
Event: 0.779 GC heap after
{Heap after GC invocations=1 (full 0):
 garbage-first heap   total 129024K, used 10613K [0x0000000080000000, 0x0000000100000000)
  region size 1024K, 3 young (3072K), 3 survivors (3072K)
 Metaspace       used 10466K, committed 10688K, reserved 1114112K
  class space    used 1088K, committed 1216K, reserved 1048576K
}
Event: 1.153 GC heap before
{Heap before GC invocations=1 (full 0):
 garbage-first heap   total 129024K, used 39285K [0x0000000080000000, 0x0000000100000000)
  region size 1024K, 30 young (30720K), 3 survivors (3072K)
 Metaspace       used 11432K, committed 11648K, reserved 1114112K
  class space    used 1193K, committed 1280K, reserved 1048576K
}
Event: 1.156 GC heap after
{Heap after GC invocations=2 (full 0):
 garbage-first heap   total 129024K, used 12772K [0x0000000080000000, 0x0000000100000000)
  region size 1024K, 3 young (3072K), 3 survivors (3072K)
 Metaspace       used 11432K, committed 11648K, reserved 1114112K
  class space    used 1193K, committed 1280K, reserved 1048576K
}
Event: 2.201 GC heap before
{Heap before GC invocations=2 (full 0):
 garbage-first heap   total 129024K, used 57828K [0x0000000080000000, 0x0000000100000000)
  region size 1024K, 48 young (49152K), 3 survivors (3072K)
 Metaspace       used 21271K, committed 21504K, reserved 1114112K
  class space    used 2574K, committed 2688K, reserved 1048576K
}
Event: 2.211 GC heap after
{Heap after GC invocations=3 (full 0):
 garbage-first heap   total 129024K, used 18362K [0x0000000080000000, 0x0000000100000000)
  region size 1024K, 8 young (8192K), 8 survivors (8192K)
 Metaspace       used 21271K, committed 21504K, reserved 1114112K
  class space    used 2574K, committed 2688K, reserved 1048576K
}
Event: 2.808 GC heap before
{Heap before GC invocations=4 (full 0):
 garbage-first heap   total 68608K, used 51130K [0x0000000080000000, 0x0000000100000000)
  region size 1024K, 40 young (40960K), 8 survivors (8192K)
 Metaspace       used 25941K, committed 26240K, reserved 1114112K
  class space    used 3395K, committed 3520K, reserved 1048576K
}
Event: 2.816 GC heap after
{Heap after GC invocations=5 (full 0):
 garbage-first heap   total 68608K, used 20446K [0x0000000080000000, 0x0000000100000000)
  region size 1024K, 3 young (3072K), 3 survivors (3072K)
 Metaspace       used 25941K, committed 26240K, reserved 1114112K
  class space    used 3395K, committed 3520K, reserved 1048576K
}
Event: 2.837 GC heap before
{Heap before GC invocations=5 (full 0):
 garbage-first heap   total 68608K, used 21470K [0x0000000080000000, 0x0000000100000000)
  region size 1024K, 4 young (4096K), 3 survivors (3072K)
 Metaspace       used 26114K, committed 26368K, reserved 1114112K
  class space    used 3419K, committed 3520K, reserved 1048576K
}
Event: 2.839 GC heap after
{Heap after GC invocations=6 (full 0):
 garbage-first heap   total 68608K, used 20686K [0x0000000080000000, 0x0000000100000000)
  region size 1024K, 1 young (1024K), 1 survivors (1024K)
 Metaspace       used 26114K, committed 26368K, reserved 1114112K
  class space    used 3419K, committed 3520K, reserved 1048576K
}
Event: 3.249 GC heap before
{Heap before GC invocations=6 (full 0):
 garbage-first heap   total 68608K, used 48334K [0x0000000080000000, 0x0000000100000000)
  region size 1024K, 28 young (28672K), 1 survivors (1024K)
 Metaspace       used 29886K, committed 30208K, reserved 1114112K
  class space    used 4035K, committed 4160K, reserved 1048576K
}
Event: 3.253 GC heap after
{Heap after GC invocations=7 (full 0):
 garbage-first heap   total 68608K, used 21708K [0x0000000080000000, 0x0000000100000000)
  region size 1024K, 2 young (2048K), 2 survivors (2048K)
 Metaspace       used 29886K, committed 30208K, reserved 1114112K
  class space    used 4035K, committed 4160K, reserved 1048576K
}
Event: 3.688 GC heap before
{Heap before GC invocations=7 (full 0):
 garbage-first heap   total 68608K, used 49356K [0x0000000080000000, 0x0000000100000000)
  region size 1024K, 30 young (30720K), 2 survivors (2048K)
 Metaspace       used 33734K, committed 34048K, reserved 1114112K
  class space    used 4645K, committed 4736K, reserved 1048576K
}
Event: 3.692 GC heap after
{Heap after GC invocations=8 (full 0):
 garbage-first heap   total 68608K, used 22884K [0x0000000080000000, 0x0000000100000000)
  region size 1024K, 3 young (3072K), 3 survivors (3072K)
 Metaspace       used 33734K, committed 34048K, reserved 1114112K
  class space    used 4645K, committed 4736K, reserved 1048576K
}
Event: 3.930 GC heap before
{Heap before GC invocations=8 (full 0):
 garbage-first heap   total 68608K, used 33124K [0x0000000080000000, 0x0000000100000000)
  region size 1024K, 14 young (14336K), 3 survivors (3072K)
 Metaspace       used 35610K, committed 35968K, reserved 1114112K
  class space    used 4945K, committed 5120K, reserved 1048576K
}
Event: 3.934 GC heap after
{Heap after GC invocations=9 (full 0):
 garbage-first heap   total 68608K, used 23974K [0x0000000080000000, 0x0000000100000000)
  region size 1024K, 3 young (3072K), 3 survivors (3072K)
 Metaspace       used 35610K, committed 35968K, reserved 1114112K
  class space    used 4945K, committed 5120K, reserved 1048576K
}
Event: 4.440 GC heap before
{Heap before GC invocations=10 (full 0):
 garbage-first heap   total 68608K, used 50598K [0x0000000080000000, 0x0000000100000000)
  region size 1024K, 30 young (30720K), 3 survivors (3072K)
 Metaspace       used 41089K, committed 41408K, reserved 1114112K
  class space    used 5475K, committed 5632K, reserved 1048576K
}

Dll operation events (3 events):
Event: 0.019 Loaded shared library D:\Android Studio\jbr\bin\java.dll
Event: 0.137 Loaded shared library D:\Android Studio\jbr\bin\zip.dll
Event: 0.441 Loaded shared library D:\Android Studio\jbr\bin\verify.dll

Deoptimization events (20 events):
Event: 4.313 Thread 0x00000179c2677510 Uncommon trap: trap_request=0xffffffc6 fr.pc=0x00000179ad324024 relative=0x0000000000004384
Event: 4.313 Thread 0x00000179c2677510 Uncommon trap: reason=bimorphic_or_optimized_type_check action=maybe_recompile pc=0x00000179ad324024 method=java.net.URL.<init>(Ljava/net/URL;Ljava/lang/String;Ljava/net/URLStreamHandler;)V @ 504 c2
Event: 4.313 Thread 0x00000179c2677510 DEOPT PACKING pc=0x00000179ad324024 sp=0x0000003f6dcf79c0
Event: 4.313 Thread 0x00000179c2677510 DEOPT UNPACKING pc=0x00000179acc569a3 sp=0x0000003f6dcf7960 mode 2
Event: 4.393 Thread 0x00000179c2677510 Uncommon trap: trap_request=0xffffffc6 fr.pc=0x00000179ad3556d0 relative=0x00000000000002f0
Event: 4.393 Thread 0x00000179c2677510 Uncommon trap: reason=bimorphic_or_optimized_type_check action=maybe_recompile pc=0x00000179ad3556d0 method=java.util.stream.MatchOps$1MatchSink.accept(Ljava/lang/Object;)V @ 12 c2
Event: 4.393 Thread 0x00000179c2677510 DEOPT PACKING pc=0x00000179ad3556d0 sp=0x0000003f6dcf7c90
Event: 4.393 Thread 0x00000179c2677510 DEOPT UNPACKING pc=0x00000179acc569a3 sp=0x0000003f6dcf7c38 mode 2
Event: 4.393 Thread 0x00000179c2677510 Uncommon trap: trap_request=0xffffffc6 fr.pc=0x00000179ad3556d0 relative=0x00000000000002f0
Event: 4.393 Thread 0x00000179c2677510 Uncommon trap: reason=bimorphic_or_optimized_type_check action=maybe_recompile pc=0x00000179ad3556d0 method=java.util.stream.MatchOps$1MatchSink.accept(Ljava/lang/Object;)V @ 12 c2
Event: 4.393 Thread 0x00000179c2677510 DEOPT PACKING pc=0x00000179ad3556d0 sp=0x0000003f6dcf7c90
Event: 4.393 Thread 0x00000179c2677510 DEOPT UNPACKING pc=0x00000179acc569a3 sp=0x0000003f6dcf7c38 mode 2
Event: 4.393 Thread 0x00000179c2677510 Uncommon trap: trap_request=0xffffffc6 fr.pc=0x00000179ad3556d0 relative=0x00000000000002f0
Event: 4.393 Thread 0x00000179c2677510 Uncommon trap: reason=bimorphic_or_optimized_type_check action=maybe_recompile pc=0x00000179ad3556d0 method=java.util.stream.MatchOps$1MatchSink.accept(Ljava/lang/Object;)V @ 12 c2
Event: 4.393 Thread 0x00000179c2677510 DEOPT PACKING pc=0x00000179ad3556d0 sp=0x0000003f6dcf7c90
Event: 4.393 Thread 0x00000179c2677510 DEOPT UNPACKING pc=0x00000179acc569a3 sp=0x0000003f6dcf7c38 mode 2
Event: 4.393 Thread 0x00000179c2677510 Uncommon trap: trap_request=0xffffffc6 fr.pc=0x00000179ad3556d0 relative=0x00000000000002f0
Event: 4.393 Thread 0x00000179c2677510 Uncommon trap: reason=bimorphic_or_optimized_type_check action=maybe_recompile pc=0x00000179ad3556d0 method=java.util.stream.MatchOps$1MatchSink.accept(Ljava/lang/Object;)V @ 12 c2
Event: 4.393 Thread 0x00000179c2677510 DEOPT PACKING pc=0x00000179ad3556d0 sp=0x0000003f6dcf7c90
Event: 4.393 Thread 0x00000179c2677510 DEOPT UNPACKING pc=0x00000179acc569a3 sp=0x0000003f6dcf7c38 mode 2

Classes unloaded (0 events):
No events

Classes redefined (0 events):
No events

Internal exceptions (20 events):
Event: 3.565 Thread 0x00000179c2677510 Exception <a 'java/lang/IncompatibleClassChangeError'{0x0000000082d950a8}: Found class java.lang.Object, but interface was expected> (0x0000000082d950a8) 
thrown [s\src\hotspot\share\interpreter\linkResolver.cpp, line 838]
Event: 3.727 Thread 0x00000179c2677510 Exception <a 'java/lang/NoSuchMethodError'{0x0000000087dea380}: 'int java.lang.invoke.DirectMethodHandle$Holder.invokeStaticInit(java.lang.Object, java.lang.Object, java.lang.Object)'> (0x0000000087dea380) 
thrown [s\src\hotspot\share\interpreter\linkResolver.cpp, line 771]
Event: 3.730 Thread 0x00000179c2677510 Exception <a 'java/lang/NoSuchMethodError'{0x0000000084d00cd8}: 'java.lang.Object java.lang.invoke.DirectMethodHandle$Holder.newInvokeSpecial(java.lang.Object, java.lang.Object, long)'> (0x0000000084d00cd8) 
thrown [s\src\hotspot\share\interpreter\linkResolver.cpp, line 771]
Event: 3.730 Thread 0x00000179c2677510 Exception <a 'java/lang/NoSuchMethodError'{0x0000000084d052e8}: 'java.lang.Object java.lang.invoke.Invokers$Holder.linkToTargetMethod(java.lang.Object, long, java.lang.Object)'> (0x0000000084d052e8) 
thrown [s\src\hotspot\share\interpreter\linkResolver.cpp, line 771]
Event: 3.760 Thread 0x00000179c2677510 Exception <a 'java/lang/NoSuchMethodError'{0x0000000084c36fa0}: 'int java.lang.invoke.DirectMethodHandle$Holder.invokeInterface(java.lang.Object, java.lang.Object)'> (0x0000000084c36fa0) 
thrown [s\src\hotspot\share\interpreter\linkResolver.cpp, line 771]
Event: 3.764 Thread 0x00000179c2677510 Exception <a 'java/lang/NoSuchMethodError'{0x0000000084c5ea58}: 'java.lang.Object java.lang.invoke.DirectMethodHandle$Holder.invokeStatic(java.lang.Object, java.lang.Object, int, java.lang.Object)'> (0x0000000084c5ea58) 
thrown [s\src\hotspot\share\interpreter\linkResolver.cpp, line 771]
Event: 3.764 Thread 0x00000179c2677510 Exception <a 'java/lang/NoSuchMethodError'{0x0000000084c66610}: 'java.lang.Object java.lang.invoke.DirectMethodHandle$Holder.newInvokeSpecial(java.lang.Object, java.lang.Object, int, java.lang.Object)'> (0x0000000084c66610) 
thrown [s\src\hotspot\share\interpreter\linkResolver.cpp, line 771]
Event: 3.765 Thread 0x00000179c2677510 Exception <a 'java/lang/NoSuchMethodError'{0x0000000084c6aef8}: 'java.lang.Object java.lang.invoke.DirectMethodHandle$Holder.invokeSpecial(java.lang.Object, java.lang.Object, java.lang.Object, int, java.lang.Object)'> (0x0000000084c6aef8) 
thrown [s\src\hotspot\share\interpreter\linkResolver.cpp, line 771]
Event: 3.866 Thread 0x00000179c2677510 Exception <a 'java/lang/NoSuchMethodError'{0x000000008481dba8}: 'java.lang.Object java.lang.invoke.DirectMethodHandle$Holder.invokeSpecial(java.lang.Object, java.lang.Object, java.lang.Object, int, java.lang.Object, java.lang.Object)'> (0x000000008481dba8) 
thrown [s\src\hotspot\share\interpreter\linkResolver.cpp, line 771]
Event: 3.959 Thread 0x00000179c2677510 Exception <a 'java/lang/NoSuchMethodError'{0x0000000084d42140}: 'void java.lang.invoke.DirectMethodHandle$Holder.invokeStaticInit(java.lang.Object, java.lang.Object, java.lang.Object)'> (0x0000000084d42140) 
thrown [s\src\hotspot\share\interpreter\linkResolver.cpp, line 771]
Event: 3.960 Thread 0x00000179c2677510 Exception <a 'java/lang/NoSuchMethodError'{0x0000000084d495e0}: 'void java.lang.invoke.DirectMethodHandle$Holder.invokeStaticInit(java.lang.Object, java.lang.Object, java.lang.Object, java.lang.Object)'> (0x0000000084d495e0) 
thrown [s\src\hotspot\share\interpreter\linkResolver.cpp, line 771]
Event: 3.962 Thread 0x00000179c2677510 Exception <a 'java/lang/NoSuchMethodError'{0x0000000084d6b7a8}: 'void java.lang.invoke.DirectMethodHandle$Holder.invokeStaticInit(java.lang.Object, java.lang.Object, java.lang.Object, java.lang.Object, java.lang.Object)'> (0x0000000084d6b7a8) 
thrown [s\src\hotspot\share\interpreter\linkResolver.cpp, line 771]
Event: 3.970 Thread 0x00000179c2677510 Exception <a 'java/lang/NoSuchMethodError'{0x0000000084dc5e48}: 'int java.lang.invoke.DirectMethodHandle$Holder.invokeStaticInit(java.lang.Object, java.lang.Object, java.lang.Object, java.lang.Object)'> (0x0000000084dc5e48) 
thrown [s\src\hotspot\share\interpreter\linkResolver.cpp, line 771]
Event: 4.227 Thread 0x00000179c2677510 Exception <a 'java/lang/ClassNotFoundException'{0x00000000833a4f20}: groovy/lang/ExpandoMetaClassBeanInfo> (0x00000000833a4f20) 
thrown [s\src\hotspot\share\classfile\systemDictionary.cpp, line 256]
Event: 4.228 Thread 0x00000179c2677510 Exception <a 'java/lang/ClassNotFoundException'{0x00000000833bbb58}: groovy/lang/MetaClassImplBeanInfo> (0x00000000833bbb58) 
thrown [s\src\hotspot\share\classfile\systemDictionary.cpp, line 256]
Event: 4.228 Thread 0x00000179c2677510 Exception <a 'java/lang/ClassNotFoundException'{0x00000000833c14b8}: java/lang/ObjectBeanInfo> (0x00000000833c14b8) 
thrown [s\src\hotspot\share\classfile\systemDictionary.cpp, line 256]
Event: 4.229 Thread 0x00000179c2677510 Exception <a 'java/lang/ClassNotFoundException'{0x00000000833c7858}: java/lang/ObjectCustomizer> (0x00000000833c7858) 
thrown [s\src\hotspot\share\classfile\systemDictionary.cpp, line 256]
Event: 4.233 Thread 0x00000179c2677510 Exception <a 'java/lang/IncompatibleClassChangeError'{0x00000000833d7288}: Found class java.lang.Object, but interface was expected> (0x00000000833d7288) 
thrown [s\src\hotspot\share\interpreter\linkResolver.cpp, line 838]
Event: 4.240 Thread 0x00000179c2677510 Exception <a 'java/lang/ClassNotFoundException'{0x00000000833fcf00}: groovy/lang/MetaClassImplCustomizer> (0x00000000833fcf00) 
thrown [s\src\hotspot\share\classfile\systemDictionary.cpp, line 256]
Event: 4.244 Thread 0x00000179c2677510 Exception <a 'java/lang/ClassNotFoundException'{0x0000000083233640}: groovy/lang/ExpandoMetaClassCustomizer> (0x0000000083233640) 
thrown [s\src\hotspot\share\classfile\systemDictionary.cpp, line 256]

VM Operations (20 events):
Event: 3.946 Executing VM operation: G1Concurrent done
Event: 3.950 Executing VM operation: G1Concurrent
Event: 3.951 Executing VM operation: G1Concurrent done
Event: 4.139 Executing VM operation: HandshakeAllThreads
Event: 4.139 Executing VM operation: HandshakeAllThreads done
Event: 4.198 Executing VM operation: HandshakeAllThreads
Event: 4.199 Executing VM operation: HandshakeAllThreads done
Event: 4.314 Executing VM operation: HandshakeAllThreads
Event: 4.314 Executing VM operation: HandshakeAllThreads done
Event: 4.314 Executing VM operation: HandshakeAllThreads
Event: 4.314 Executing VM operation: HandshakeAllThreads done
Event: 4.320 Executing VM operation: HandshakeAllThreads
Event: 4.320 Executing VM operation: HandshakeAllThreads done
Event: 4.326 Executing VM operation: HandshakeAllThreads
Event: 4.326 Executing VM operation: HandshakeAllThreads done
Event: 4.336 Executing VM operation: HandshakeAllThreads
Event: 4.336 Executing VM operation: HandshakeAllThreads done
Event: 4.408 Executing VM operation: HandshakeAllThreads
Event: 4.408 Executing VM operation: HandshakeAllThreads done
Event: 4.440 Executing VM operation: G1CollectForAllocation

Events (20 events):
Event: 4.405 loading class jdk/internal/jimage/ImageReader$Directory
Event: 4.405 loading class jdk/internal/jimage/ImageReader$Node
Event: 4.405 loading class jdk/internal/jimage/ImageReader$Node done
Event: 4.405 loading class jdk/internal/jimage/ImageReader$Directory done
Event: 4.405 loading class jdk/internal/jrtfs/SystemImage$1
Event: 4.405 loading class jdk/internal/jrtfs/SystemImage$1 done
Event: 4.406 loading class jdk/internal/jimage/ImageReader$SharedImageReader$LocationVisitor
Event: 4.406 loading class jdk/internal/jimage/ImageReader$SharedImageReader$LocationVisitor done
Event: 4.407 loading class java/nio/ByteBufferAsIntBufferL
Event: 4.407 loading class java/nio/ByteBufferAsIntBufferL done
Event: 4.409 loading class jdk/internal/jrtfs/JrtFileAttributes
Event: 4.409 loading class jdk/internal/jrtfs/JrtFileAttributes done
Event: 4.409 loading class jdk/internal/jrtfs/JrtDirectoryStream
Event: 4.409 loading class jdk/internal/jrtfs/JrtDirectoryStream done
Event: 4.410 loading class jdk/internal/jrtfs/JrtDirectoryStream$1
Event: 4.410 loading class jdk/internal/jrtfs/JrtDirectoryStream$1 done
Event: 4.410 loading class java/util/function/BooleanSupplier
Event: 4.410 loading class java/util/function/BooleanSupplier done
Event: 4.411 loading class jdk/internal/jimage/ImageReader$Resource
Event: 4.411 loading class jdk/internal/jimage/ImageReader$Resource done


Dynamic libraries:
0x00007ff7d5460000 - 0x00007ff7d546a000 	D:\Android Studio\jbr\bin\java.exe
0x00007ffd80110000 - 0x00007ffd80327000 	C:\WINDOWS\SYSTEM32\ntdll.dll
0x00007ffd7e8a0000 - 0x00007ffd7e964000 	C:\WINDOWS\System32\KERNEL32.DLL
0x00007ffd7da00000 - 0x00007ffd7dda6000 	C:\WINDOWS\System32\KERNELBASE.dll
0x00007ffd7d8b0000 - 0x00007ffd7d9c1000 	C:\WINDOWS\System32\ucrtbase.dll
0x00007ffd57640000 - 0x00007ffd57657000 	D:\Android Studio\jbr\bin\jli.dll
0x00007ffd6b700000 - 0x00007ffd6b71b000 	D:\Android Studio\jbr\bin\VCRUNTIME140.dll
0x00007ffd7fd70000 - 0x00007ffd7ff1e000 	C:\WINDOWS\System32\USER32.dll
0x00007ffd5d900000 - 0x00007ffd5db93000 	C:\WINDOWS\WinSxS\amd64_microsoft.windows.common-controls_6595b64144ccf1df_6.0.22621.2506_none_270c5ae97388e100\COMCTL32.dll
0x00007ffd7d9d0000 - 0x00007ffd7d9f6000 	C:\WINDOWS\System32\win32u.dll
0x00007ffd7e970000 - 0x00007ffd7ea17000 	C:\WINDOWS\System32\msvcrt.dll
0x00007ffd7de70000 - 0x00007ffd7de99000 	C:\WINDOWS\System32\GDI32.dll
0x00007ffd7d790000 - 0x00007ffd7d8a8000 	C:\WINDOWS\System32\gdi32full.dll
0x00007ffd7d450000 - 0x00007ffd7d4ea000 	C:\WINDOWS\System32\msvcp_win.dll
0x00007ffd7f100000 - 0x00007ffd7f131000 	C:\WINDOWS\System32\IMM32.DLL
0x00007ffd6b250000 - 0x00007ffd6b25c000 	D:\Android Studio\jbr\bin\vcruntime140_1.dll
0x00007ffd05d40000 - 0x00007ffd05dcd000 	D:\Android Studio\jbr\bin\msvcp140.dll
0x00007ffd03410000 - 0x00007ffd04090000 	D:\Android Studio\jbr\bin\server\jvm.dll
0x00007ffd7ed80000 - 0x00007ffd7ee33000 	C:\WINDOWS\System32\ADVAPI32.dll
0x00007ffd7dea0000 - 0x00007ffd7df48000 	C:\WINDOWS\System32\sechost.dll
0x00007ffd7de30000 - 0x00007ffd7de58000 	C:\WINDOWS\System32\bcrypt.dll
0x00007ffd7df50000 - 0x00007ffd7e067000 	C:\WINDOWS\System32\RPCRT4.dll
0x00007ffd79400000 - 0x00007ffd79409000 	C:\WINDOWS\SYSTEM32\WSOCK32.dll
0x00007ffd71d90000 - 0x00007ffd71dc4000 	C:\WINDOWS\SYSTEM32\WINMM.dll
0x00007ffd7ed00000 - 0x00007ffd7ed71000 	C:\WINDOWS\System32\WS2_32.dll
0x00007ffd71720000 - 0x00007ffd7172a000 	C:\WINDOWS\SYSTEM32\VERSION.dll
0x00007ffd7c580000 - 0x00007ffd7c598000 	C:\WINDOWS\SYSTEM32\kernel.appcore.dll
0x00007ffd6acf0000 - 0x00007ffd6acfa000 	D:\Android Studio\jbr\bin\jimage.dll
0x00007ffd7adc0000 - 0x00007ffd7aff3000 	C:\WINDOWS\SYSTEM32\DBGHELP.DLL
0x00007ffd7f9c0000 - 0x00007ffd7fd49000 	C:\WINDOWS\System32\combase.dll
0x00007ffd7ec20000 - 0x00007ffd7ecf7000 	C:\WINDOWS\System32\OLEAUT32.dll
0x00007ffd5a340000 - 0x00007ffd5a372000 	C:\WINDOWS\SYSTEM32\dbgcore.DLL
0x00007ffd7ddb0000 - 0x00007ffd7de2a000 	C:\WINDOWS\System32\bcryptPrimitives.dll
0x00007ffd57660000 - 0x00007ffd5766e000 	D:\Android Studio\jbr\bin\instrument.dll
0x00007ffd57c50000 - 0x00007ffd57c75000 	D:\Android Studio\jbr\bin\java.dll
0x00007ffd6a4a0000 - 0x00007ffd6a4b8000 	D:\Android Studio\jbr\bin\zip.dll
0x00007ffd7f160000 - 0x00007ffd7f9bb000 	C:\WINDOWS\System32\SHELL32.dll
0x00007ffd7b3c0000 - 0x00007ffd7bcb6000 	C:\WINDOWS\SYSTEM32\windows.storage.dll
0x00007ffd7b280000 - 0x00007ffd7b3be000 	C:\WINDOWS\SYSTEM32\wintypes.dll
0x00007ffd7e7a0000 - 0x00007ffd7e893000 	C:\WINDOWS\System32\SHCORE.dll
0x00007ffd7e130000 - 0x00007ffd7e18e000 	C:\WINDOWS\System32\shlwapi.dll
0x00007ffd7d380000 - 0x00007ffd7d3a6000 	C:\WINDOWS\SYSTEM32\profapi.dll
0x00007ffd5bac0000 - 0x00007ffd5bad9000 	D:\Android Studio\jbr\bin\net.dll
0x00007ffd73b10000 - 0x00007ffd73c47000 	C:\WINDOWS\SYSTEM32\WINHTTP.dll
0x00007ffd7ca00000 - 0x00007ffd7ca69000 	C:\WINDOWS\system32\mswsock.dll
0x00007ffd57c30000 - 0x00007ffd57c46000 	D:\Android Studio\jbr\bin\nio.dll
0x00007ffd57b80000 - 0x00007ffd57b90000 	D:\Android Studio\jbr\bin\verify.dll
0x00007ffd6b220000 - 0x00007ffd6b247000 	C:\Users\DELL\.gradle\native\68d5fa5c4cc2d200863cafc0d521ce42e7d3e7ee720ec0a83991735586a16f82\windows-amd64\native-platform.dll
0x00007ffd2dc20000 - 0x00007ffd2dd64000 	C:\Users\DELL\.gradle\native\e376f236ea51e6404a007f0833ffe2c6e607c4080706a723a18a27aeea778392\windows-amd64\native-platform-file-events.dll
0x00007ffd57b70000 - 0x00007ffd57b79000 	D:\Android Studio\jbr\bin\management.dll
0x00007ffd57b60000 - 0x00007ffd57b6b000 	D:\Android Studio\jbr\bin\management_ext.dll
0x00007ffd800c0000 - 0x00007ffd800c8000 	C:\WINDOWS\System32\PSAPI.DLL
0x00007ffd7cc50000 - 0x00007ffd7cc6b000 	C:\WINDOWS\SYSTEM32\CRYPTSP.dll
0x00007ffd7c4e0000 - 0x00007ffd7c515000 	C:\WINDOWS\system32\rsaenh.dll
0x00007ffd7caf0000 - 0x00007ffd7cb1c000 	C:\WINDOWS\SYSTEM32\USERENV.dll
0x00007ffd7cc70000 - 0x00007ffd7cc7c000 	C:\WINDOWS\SYSTEM32\CRYPTBASE.dll
0x00007ffd7bee0000 - 0x00007ffd7bf0d000 	C:\WINDOWS\SYSTEM32\IPHLPAPI.DLL
0x00007ffd7e120000 - 0x00007ffd7e129000 	C:\WINDOWS\System32\NSI.dll
0x00007ffd73770000 - 0x00007ffd73789000 	C:\WINDOWS\SYSTEM32\dhcpcsvc6.DLL
0x00007ffd73700000 - 0x00007ffd7371f000 	C:\WINDOWS\SYSTEM32\dhcpcsvc.DLL
0x00007ffd7bf40000 - 0x00007ffd7c039000 	C:\WINDOWS\SYSTEM32\DNSAPI.dll
0x00007ffd57b90000 - 0x00007ffd57b98000 	C:\WINDOWS\system32\wshunix.dll

dbghelp: loaded successfully - version: 4.0.5 - missing functions: none
symbol engine: initialized successfully - sym options: 0x614 - pdb path: .;D:\Android Studio\jbr\bin;C:\WINDOWS\SYSTEM32;C:\WINDOWS\WinSxS\amd64_microsoft.windows.common-controls_6595b64144ccf1df_6.0.22621.2506_none_270c5ae97388e100;D:\Android Studio\jbr\bin\server;C:\Users\DELL\.gradle\native\68d5fa5c4cc2d200863cafc0d521ce42e7d3e7ee720ec0a83991735586a16f82\windows-amd64;C:\Users\DELL\.gradle\native\e376f236ea51e6404a007f0833ffe2c6e607c4080706a723a18a27aeea778392\windows-amd64

VM Arguments:
jvm_args: --add-opens=java.base/java.util=ALL-UNNAMED --add-opens=java.base/java.lang=ALL-UNNAMED --add-opens=java.base/java.lang.invoke=ALL-UNNAMED --add-opens=java.prefs/java.util.prefs=ALL-UNNAMED --add-opens=java.base/java.nio.charset=ALL-UNNAMED --add-opens=java.base/java.net=ALL-UNNAMED --add-opens=java.base/java.util.concurrent.atomic=ALL-UNNAMED -Xmx2048m -Dfile.encoding=UTF-8 -Duser.country=US -Duser.language=en -Duser.variant -javaagent:C:\Users\DELL\.gradle\wrapper\dists\gradle-8.2-bin\bbg7u40eoinfdyxsxr3z4i7ta\gradle-8.2\lib\agents\gradle-instrumentation-agent-8.2.jar 
java_command: org.gradle.launcher.daemon.bootstrap.GradleDaemon 8.2
java_class_path (initial): C:\Users\DELL\.gradle\wrapper\dists\gradle-8.2-bin\bbg7u40eoinfdyxsxr3z4i7ta\gradle-8.2\lib\gradle-launcher-8.2.jar
Launcher Type: SUN_STANDARD

[Global flags]
     intx CICompilerCount                          = 4                                         {product} {ergonomic}
     uint ConcGCThreads                            = 3                                         {product} {ergonomic}
     uint G1ConcRefinementThreads                  = 10                                        {product} {ergonomic}
   size_t G1HeapRegionSize                         = 1048576                                   {product} {ergonomic}
    uintx GCDrainStackTargetSize                   = 64                                        {product} {ergonomic}
   size_t InitialHeapSize                          = 132120576                                 {product} {ergonomic}
   size_t MarkStackSize                            = 4194304                                   {product} {ergonomic}
   size_t MaxHeapSize                              = 2147483648                                {product} {command line}
   size_t MaxNewSize                               = 1287651328                                {product} {ergonomic}
   size_t MinHeapDeltaBytes                        = 1048576                                   {product} {ergonomic}
   size_t MinHeapSize                              = 8388608                                   {product} {ergonomic}
    uintx NonNMethodCodeHeapSize                   = 5839372                                {pd product} {ergonomic}
    uintx NonProfiledCodeHeapSize                  = 122909434                              {pd product} {ergonomic}
    uintx ProfiledCodeHeapSize                     = 122909434                              {pd product} {ergonomic}
    uintx ReservedCodeCacheSize                    = 251658240                              {pd product} {ergonomic}
     bool SegmentedCodeCache                       = true                                      {product} {ergonomic}
   size_t SoftMaxHeapSize                          = 2147483648                             {manageable} {ergonomic}
     bool UseCompressedClassPointers               = true                           {product lp64_product} {ergonomic}
     bool UseCompressedOops                        = true                           {product lp64_product} {ergonomic}
     bool UseG1GC                                  = true                                      {product} {ergonomic}
     bool UseLargePagesIndividualAllocation        = false                                  {pd product} {ergonomic}

Logging:
Log output configuration:
 #0: stdout all=warning uptime,level,tags
 #1: stderr all=off uptime,level,tags

Environment Variables:
JAVA_HOME=D:\java jdk
PATH=C:\Program Files\Common Files\Oracle\Java\javapath;C:\Windows\system32;C:\Windows;C:\Windows\System32\Wbem;C:\Windows\System32\WindowsPowerShell\v1.0\;C:\Windows\System32\OpenSSH\;C:\Program Files (x86)\NVIDIA Corporation\PhysX\Common;C:\Program Files\NVIDIA Corporation\NVIDIA NvDLISR;C:\WINDOWS\system32;C:\WINDOWS;C:\WINDOWS\System32\Wbem;C:\WINDOWS\System32\WindowsPowerShell\v1.0\;C:\WINDOWS\System32\OpenSSH\;C:\Program Files\Azure Data Studio\bin;D:\Java JDK\bin;C:\Program Files (x86)\Microsoft SQL Server\160\Tools\Binn\;C:\Program Files\Microsoft SQL Server\160\Tools\Binn\;C:\Program Files\Microsoft SQL Server\Client SDK\ODBC\170\Tools\Binn\;C:\Program Files\Microsoft SQL Server\160\DTS\Binn\;C:\Program Files\Git\cmd;C:\Program Files (x86)\Microsoft SQL Server\160\DTS\Binn\;C:\Users\DELL\AppData\Local\Microsoft\WindowsApps;C:\Program Files\JetBrains\PyCharm Community Edition 2022.2.2\bin;;C:\Program Files\JetBrains\IntelliJ IDEA Community Edition 2022.3.2\bin;;C:\Users\DELL\Downloads\dart-sdk\bin;C:\Users\DELL\Downloads\flutter\bin;C:\Program Files\Azure Data Studio\bin;D:\Android Studio\jdk-20\bin
USERNAME=DELL
OS=Windows_NT
PROCESSOR_IDENTIFIER=Intel64 Family 6 Model 165 Stepping 2, GenuineIntel
TMP=C:\Users\DELL\AppData\Local\Temp
TEMP=C:\Users\DELL\AppData\Local\Temp


JNI global refs:
JNI global refs: 24, weak refs: 0

JNI global refs memory usage: 843, weak refs: 841

OOME stack traces (most recent first):
Classloader memory used:
Loader org.gradle.internal.classloader.VisitableURLClassLoader                         : 2363K
Loader bootstrap                                                                       : 2252K
Loader org.gradle.initialization.MixInLegacyTypesClassLoader                           : 424K
Loader jdk.internal.loader.ClassLoaders$PlatformClassLoader                            : 65523B
Loader jdk.internal.loader.ClassLoaders$AppClassLoader                                 : 28352B
Loader jdk.internal.reflect.DelegatingClassLoader                                      : 3102B
Loader org.gradle.groovy.scripts.internal.DefaultScriptCompilationHandler$ScriptClassLoader: 789B

Classes loaded by more than one classloader:
Class org.gradle.internal.installation.GradleInstallation                             : loaded 2 times (x 73B)
Class org.gradle.internal.classpath.ClassPath                                         : loaded 2 times (x 68B)
Class org.gradle.api.internal.classpath.DefaultModuleRegistry                         : loaded 2 times (x 84B)
Class org.gradle.api.Action                                                           : loaded 2 times (x 68B)
Class org.gradle.api.internal.DefaultClassPathProvider                                : loaded 2 times (x 74B)
Class org.gradle.internal.installation.GradleInstallation$1                           : loaded 2 times (x 73B)
Class org.gradle.internal.classloader.FilteringClassLoader                            : loaded 2 times (x 102B)
Class org.gradle.internal.classpath.DefaultClassPath$ImmutableUniqueList$Builder      : loaded 2 times (x 73B)
Class org.gradle.internal.classloader.ClassLoaderVisitor                              : loaded 2 times (x 74B)
Class org.gradle.internal.service.DefaultServiceLocator                               : loaded 2 times (x 81B)
Class org.gradle.internal.service.UnknownServiceException                             : loaded 2 times (x 81B)
Class org.gradle.internal.classloader.DefaultClassLoaderFactory                       : loaded 2 times (x 80B)
Class org.gradle.internal.classloader.VisitableURLClassLoader$Spec                    : loaded 2 times (x 72B)
Class org.gradle.api.GradleException                                                  : loaded 2 times (x 80B)
Class org.gradle.api.internal.classpath.ModuleRegistry                                : loaded 2 times (x 68B)
Class org.gradle.api.internal.ClassPathProvider                                       : loaded 2 times (x 68B)
Class org.gradle.internal.classloader.ClasspathUtil$1                                 : loaded 2 times (x 74B)
Class org.gradle.internal.classloader.ClassLoaderFactory                              : loaded 2 times (x 68B)
Class org.gradle.api.internal.classpath.ManifestUtil                                  : loaded 2 times (x 69B)
Class org.gradle.api.specs.Spec                                                       : loaded 2 times (x 68B)
Class org.gradle.internal.IoActions                                                   : loaded 2 times (x 69B)
Class org.gradle.api.internal.classpath.EffectiveClassPath                            : loaded 2 times (x 88B)
Class org.gradle.internal.installation.CurrentGradleInstallation                      : loaded 2 times (x 71B)
Class org.gradle.internal.agents.InstrumentingClassLoader                             : loaded 2 times (x 68B)
Class org.gradle.internal.installation.CurrentGradleInstallationLocator               : loaded 2 times (x 69B)
Class org.gradle.api.internal.classpath.Module                                        : loaded 2 times (x 68B)
Class org.gradle.internal.service.CachingServiceLocator                               : loaded 2 times (x 80B)
Class org.gradle.internal.classpath.DefaultClassPath                                  : loaded 2 times (x 88B)
Class org.gradle.internal.classloader.SystemClassLoaderSpec                           : loaded 2 times (x 69B)
Class org.gradle.api.UncheckedIOException                                             : loaded 2 times (x 80B)
Class org.gradle.internal.classloader.ClasspathUtil                                   : loaded 2 times (x 69B)
Class org.gradle.api.internal.DefaultClassPathRegistry                                : loaded 2 times (x 74B)
Class org.gradle.api.internal.classpath.DefaultModuleRegistry$DefaultModule           : loaded 2 times (x 84B)
Class org.gradle.api.internal.classpath.UnknownModuleException                        : loaded 2 times (x 80B)
Class org.gradle.internal.service.ServiceLookupException                              : loaded 2 times (x 80B)
Class org.gradle.cache.GlobalCache                                                    : loaded 2 times (x 68B)
Class [Lorg.gradle.api.internal.ClassPathProvider;                                    : loaded 2 times (x 67B)
Class org.gradle.util.internal.GUtil                                                  : loaded 2 times (x 69B)
Class org.gradle.internal.classloader.ClassLoaderSpec                                 : loaded 2 times (x 69B)
Class org.gradle.internal.classloader.VisitableURLClassLoader                         : loaded 2 times (x 114B)
Class org.gradle.internal.Cast                                                        : loaded 2 times (x 69B)
Class org.gradle.api.internal.ClassPathRegistry                                       : loaded 2 times (x 68B)
Class org.gradle.internal.classloader.VisitableURLClassLoader$InstrumentingVisitableURLClassLoader: loaded 2 times (x 120B)
Class org.gradle.internal.classloader.ClassLoaderHierarchy                            : loaded 2 times (x 68B)
Class org.gradle.internal.InternalTransformer                                         : loaded 2 times (x 68B)
Class org.gradle.internal.service.ServiceLocator                                      : loaded 2 times (x 68B)
Class org.gradle.internal.classpath.DefaultClassPath$ImmutableUniqueList              : loaded 2 times (x 159B)
Class org.gradle.internal.classpath.TransformedClassPath                              : loaded 2 times (x 94B)


---------------  S Y S T E M  ---------------

OS:
 Windows 11 , 64 bit Build 22621 (10.0.22621.3085)
OS uptime: 0 days 0:17 hours

CPU: total 12 (initial active 12) (6 cores per cpu, 2 threads per core) family 6 model 165 stepping 2 microcode 0xf8, cx8, cmov, fxsr, ht, mmx, 3dnowpref, sse, sse2, sse3, ssse3, sse4.1, sse4.2, popcnt, lzcnt, tsc, tscinvbit, avx, avx2, aes, erms, clmul, bmi1, bmi2, adx, fma, vzeroupper, clflush, clflushopt

Memory: 4k page, system-wide physical 7967M (484M free)
TotalPageFile size 16159M (AvailPageFile size 24M)
current process WorkingSet (physical memory assigned to process): 211M, peak: 217M
current process commit charge ("private bytes"): 265M, peak: 288M

vm_info: OpenJDK 64-Bit Server VM (17.0.7+0-b2043.56-10550314) for windows-amd64 JRE (17.0.7+0-b2043.56-10550314), built on Jul 24 2023 18:27:45 by "androidbuild" with MS VC++ 16.10 / 16.11 (VS2019)

END.
